[2026-03-19T01:52:26.622Z] Starting dev server with command: pnpm run dev
[2026-03-19T01:52:27.575Z] 
[2026-03-19T01:52:27.576Z] > hinnawi-ops@1.0.0 dev /home/ubuntu/hinnawi-ops
[2026-03-19T01:52:27.577Z] > NODE_ENV=development tsx watch server/_core/index.ts
[2026-03-19T01:52:27.577Z] 
[2026-03-19T01:52:29.616Z] [OAuth] Initialized with baseURL: https://api.manus.im
[2026-03-19T01:52:30.149Z] Server running on http://localhost:3000/
[2026-03-19T01:52:30.294Z] [AutoRetry] Scheduler not started (disabled in settings)
[2026-03-19T01:52:30.305Z] [Koomi Scheduler] Started (every 5 min: 7 AM–8 PM, plus 9 PM & midnight ET)
[2026-03-19T01:52:30.345Z] [Koomi Scheduler] Running auto-sync for 2026-03-18 to 2026-03-19
[2026-03-19T01:52:30.346Z] [Koomi Scheduler] Starting sync for 2026-03-18 to 2026-03-19
[2026-03-19T01:52:30.346Z] [Koomi] Fetching Net Onsite Sales: 2026-03-18 to 2026-03-19
[2026-03-19T01:52:30.407Z] [7shifts Scheduler] Not started (disabled in settings)
[2026-03-19T01:52:30.971Z] [Koomi] Login successful
[2026-03-19T01:52:31.199Z] [Koomi Scheduler] Sales: 3 records (0 new, 3 updated)
[2026-03-19T01:52:31.200Z] [Koomi] Fetching Breakdown Onsite: 2026-03-18 to 2026-03-19
[2026-03-19T01:52:34.225Z] [baseline-browser-mapping] The data in this module is over two months old.  To ensure accurate Baseline data, please update: `npm i baseline-browser-mapping@latest -D`
[2026-03-19T01:52:46.925Z] [Koomi Scheduler] Breakdown: 339 items across 3 stores
[2026-03-19T01:52:47.469Z] [Auth] Missing session cookie
[2026-03-19T01:57:30.315Z] [Koomi Scheduler] Running auto-sync for 2026-03-18 to 2026-03-19
[2026-03-19T01:57:30.315Z] [Koomi Scheduler] Starting sync for 2026-03-18 to 2026-03-19
[2026-03-19T01:57:30.316Z] [Koomi] Fetching Net Onsite Sales: 2026-03-18 to 2026-03-19
[2026-03-19T01:57:30.793Z] [Koomi Scheduler] Sales: 3 records (0 new, 3 updated)
[2026-03-19T01:57:30.794Z] [Koomi] Fetching Breakdown Onsite: 2026-03-18 to 2026-03-19
[2026-03-19T01:57:38.610Z] [Koomi Scheduler] Breakdown: 339 items across 3 stores
[2026-03-20T14:12:02.601Z] [Koomi Scheduler] Error: DrizzleQueryError: Failed query: select `id`, `key`, `value`, `updatedAt` from `appSettings` where `appSettings`.`key` = ? limit ?
[2026-03-20T14:12:02.602Z] params: koomi_auto_sync_enabled,1
[2026-03-20T14:12:02.603Z] at MySql2PreparedQuery.queryWithCache (/home/ubuntu/hinnawi-ops/node_modules/.pnpm/drizzle-orm@0.44.6_mysql2@3.15.1/node_modules/src/mysql-core/session.ts:79:11)
[2026-03-20T14:12:02.603Z] at process.processTicksAndRejections (node:internal/process/task_queues:105:5)
[2026-03-20T14:12:02.604Z] at async MySql2PreparedQuery.execute (/home/ubuntu/hinnawi-ops/node_modules/.pnpm/drizzle-orm@0.44.6_mysql2@3.15.1/node_modules/src/mysql2/session.ts:132:18)
[2026-03-20T14:12:02.604Z] at async getSetting (/home/ubuntu/hinnawi-ops/server/autoRetry.ts:11:16)
[2026-03-20T14:12:02.604Z] at async runAutoSync (/home/ubuntu/hinnawi-ops/server/koomiScheduler.ts:170:19)
[2026-03-20T14:12:02.609Z] at async Timeout._onTimeout (/home/ubuntu/hinnawi-ops/server/koomiScheduler.ts:203:7) {
[2026-03-20T14:12:02.610Z] query: 'select `id`, `key`, `value`, `updatedAt` from `appSettings` where `appSettings`.`key` = ? limit ?',
[2026-03-20T14:12:02.611Z] params: [ 'koomi_auto_sync_enabled', 1 ],
[2026-03-20T14:12:02.612Z] cause: Error: read ECONNRESET
[2026-03-20T14:12:02.612Z] at PromisePool.query (/home/ubuntu/hinnawi-ops/node_modules/.pnpm/mysql2@3.15.1/node_modules/mysql2/lib/promise/pool.js:36:22)
[2026-03-20T14:12:02.619Z] at <anonymous> (/home/ubuntu/hinnawi-ops/node_modules/.pnpm/drizzle-orm@0.44.6_mysql2@3.15.1/node_modules/src/mysql2/session.ts:133:24)
[2026-03-20T14:12:02.619Z] at MySql2PreparedQuery.queryWithCache (/home/ubuntu/hinnawi-ops/node_modules/.pnpm/drizzle-orm@0.44.6_mysql2@3.15.1/node_modules/src/mysql-core/session.ts:77:18)
[2026-03-20T14:12:02.620Z] at MySql2PreparedQuery.execute (/home/ubuntu/hinnawi-ops/node_modules/.pnpm/drizzle-orm@0.44.6_mysql2@3.15.1/node_modules/src/mysql2/session.ts:132:29)
[2026-03-20T14:12:02.621Z] at MySqlSelectBase.execute (/home/ubuntu/hinnawi-ops/node_modules/.pnpm/drizzle-orm@0.44.6_mysql2@3.15.1/node_modules/src/mysql-core/query-builders/select.ts:1145:25)
[2026-03-20T14:12:02.622Z] at MySqlSelectBase.then (/home/ubuntu/hinnawi-ops/node_modules/.pnpm/drizzle-orm@0.44.6_mysql2@3.15.1/node_modules/src/query-promise.ts:31:15) {
[2026-03-20T14:12:02.622Z] code: 'ECONNRESET',
[2026-03-20T14:12:02.623Z] errno: -104,
[2026-03-20T14:12:02.625Z] sql: undefined,
[2026-03-20T14:12:02.626Z] sqlState: undefined,
[2026-03-20T14:12:02.626Z] sqlMessage: undefined
[2026-03-20T14:12:02.627Z] }
[2026-03-20T14:12:02.628Z] }
[2026-03-20T14:12:29.676Z] Starting dev server with command: pnpm run dev
[2026-03-20T14:12:30.818Z] 
[2026-03-20T14:12:30.818Z] > hinnawi-ops@1.0.0 dev /home/ubuntu/hinnawi-ops
[2026-03-20T14:12:30.819Z] > NODE_ENV=development tsx watch server/_core/index.ts
[2026-03-20T14:12:30.819Z] 
[2026-03-20T14:12:33.450Z] [OAuth] Initialized with baseURL: https://api.manus.im
[2026-03-20T14:12:34.191Z] Server running on http://localhost:3000/
[2026-03-20T14:12:34.302Z] [AutoRetry] Scheduler not started (disabled in settings)
[2026-03-20T14:12:34.307Z] [Koomi Scheduler] Started (every 5 min: 7 AM–8 PM, plus 9 PM & midnight ET)
[2026-03-20T14:12:34.334Z] [Koomi Scheduler] Running auto-sync for 2026-03-19 to 2026-03-20
[2026-03-20T14:12:34.334Z] [Koomi Scheduler] Starting sync for 2026-03-19 to 2026-03-20
[2026-03-20T14:12:34.335Z] [Koomi] Fetching Net Onsite Sales: 2026-03-19 to 2026-03-20
[2026-03-20T14:12:34.381Z] [7shifts Scheduler] Not started (disabled in settings)
[2026-03-20T14:12:34.905Z] [Koomi] Login successful
[2026-03-20T14:12:35.269Z] [Koomi Scheduler] Sales: 6 records (0 new, 6 updated)
[2026-03-20T14:12:35.270Z] [Koomi] Fetching Breakdown Onsite: 2026-03-19 to 2026-03-20
[2026-03-20T14:12:46.677Z] [Koomi Scheduler] Breakdown: 379 items across 3 stores
[2026-03-20T14:17:34.348Z] [Koomi Scheduler] Running auto-sync for 2026-03-19 to 2026-03-20
[2026-03-20T14:17:34.349Z] [Koomi Scheduler] Starting sync for 2026-03-19 to 2026-03-20
[2026-03-20T14:17:34.350Z] [Koomi] Fetching Net Onsite Sales: 2026-03-19 to 2026-03-20
[2026-03-20T14:17:34.794Z] [Koomi Scheduler] Sales: 6 records (0 new, 6 updated)
[2026-03-20T14:17:34.795Z] [Koomi] Fetching Breakdown Onsite: 2026-03-19 to 2026-03-20
[2026-03-20T14:17:43.743Z] [Koomi Scheduler] Breakdown: 379 items across 3 stores
[2026-03-20T14:22:34.372Z] [Koomi Scheduler] Running auto-sync for 2026-03-19 to 2026-03-20
[2026-03-20T14:22:34.373Z] [Koomi Scheduler] Starting sync for 2026-03-19 to 2026-03-20
[2026-03-20T14:22:34.373Z] [Koomi] Fetching Net Onsite Sales: 2026-03-19 to 2026-03-20
[2026-03-20T14:22:34.743Z] [Koomi Scheduler] Sales: 6 records (0 new, 6 updated)
[2026-03-20T14:22:34.744Z] [Koomi] Fetching Breakdown Onsite: 2026-03-19 to 2026-03-20
[2026-03-20T14:22:44.030Z] [Koomi Scheduler] Breakdown: 382 items across 3 stores
[2026-03-20T14:27:34.374Z] [Koomi Scheduler] Running auto-sync for 2026-03-19 to 2026-03-20
[2026-03-20T14:27:34.375Z] [Koomi Scheduler] Starting sync for 2026-03-19 to 2026-03-20
[2026-03-20T14:27:34.376Z] [Koomi] Fetching Net Onsite Sales: 2026-03-19 to 2026-03-20
[2026-03-20T14:27:34.871Z] [Koomi Scheduler] Sales: 6 records (0 new, 6 updated)
[2026-03-20T14:27:34.872Z] [Koomi] Fetching Breakdown Onsite: 2026-03-19 to 2026-03-20
[2026-03-20T14:27:44.292Z] [Koomi Scheduler] Breakdown: 382 items across 3 stores
[2026-03-20T14:32:34.384Z] [Koomi Scheduler] Running auto-sync for 2026-03-19 to 2026-03-20
[2026-03-20T14:32:34.385Z] [Koomi Scheduler] Starting sync for 2026-03-19 to 2026-03-20
[2026-03-20T14:32:34.385Z] [Koomi] Fetching Net Onsite Sales: 2026-03-19 to 2026-03-20
[2026-03-20T14:32:34.787Z] [Koomi Scheduler] Sales: 6 records (0 new, 6 updated)
[2026-03-20T14:32:34.788Z] [Koomi] Fetching Breakdown Onsite: 2026-03-19 to 2026-03-20
[2026-03-20T14:32:44.551Z] [Koomi Scheduler] Breakdown: 382 items across 3 stores
[2026-03-20T14:37:34.413Z] [Koomi Scheduler] Running auto-sync for 2026-03-19 to 2026-03-20
[2026-03-20T14:37:34.414Z] [Koomi Scheduler] Starting sync for 2026-03-19 to 2026-03-20
[2026-03-20T14:37:34.414Z] [Koomi] Fetching Net Onsite Sales: 2026-03-19 to 2026-03-20
[2026-03-20T14:37:34.834Z] [Koomi Scheduler] Sales: 6 records (0 new, 6 updated)
[2026-03-20T14:37:34.835Z] [Koomi] Fetching Breakdown Onsite: 2026-03-19 to 2026-03-20
[2026-03-20T14:37:43.313Z] [Koomi Scheduler] Breakdown: 383 items across 3 stores
[2026-03-20T14:39:05.551Z] [baseline-browser-mapping] The data in this module is over two months old.  To ensure accurate Baseline data, please update: `npm i baseline-browser-mapping@latest -D`
[2026-03-20T14:39:13.676Z] [Auth] Missing session cookie
[2026-03-20T14:39:18.325Z] [Auth] Missing session cookie
[2026-03-20T14:39:24.200Z] 10:39:24 AM [tsx] change in ./drizzle/schema.ts Restarting...
[2026-03-20T14:39:25.951Z] c[OAuth] Initialized with baseURL: https://api.manus.im
[2026-03-20T14:39:26.239Z] Server running on http://localhost:3000/
[2026-03-20T14:39:26.358Z] [AutoRetry] Scheduler not started (disabled in settings)
[2026-03-20T14:39:26.366Z] [Koomi Scheduler] Started (every 5 min: 7 AM–8 PM, plus 9 PM & midnight ET)
[2026-03-20T14:39:26.394Z] [Koomi Scheduler] Running auto-sync for 2026-03-19 to 2026-03-20
[2026-03-20T14:39:26.395Z] [Koomi Scheduler] Starting sync for 2026-03-19 to 2026-03-20
[2026-03-20T14:39:26.395Z] [Koomi] Fetching Net Onsite Sales: 2026-03-19 to 2026-03-20
[2026-03-20T14:39:26.434Z] [7shifts Scheduler] Not started (disabled in settings)
[2026-03-20T14:39:26.899Z] [baseline-browser-mapping] The data in this module is over two months old.  To ensure accurate Baseline data, please update: `npm i baseline-browser-mapping@latest -D`
[2026-03-20T14:39:27.129Z] [Koomi] Login successful
[2026-03-20T14:39:29.690Z] [Koomi Scheduler] Sales: 6 records (0 new, 6 updated)
[2026-03-20T14:39:29.691Z] [Koomi] Fetching Breakdown Onsite: 2026-03-19 to 2026-03-20
[2026-03-20T14:39:35.185Z] [Auth] Missing session cookie
[2026-03-20T14:39:38.009Z] [Koomi Scheduler] Breakdown: 383 items across 3 stores
[2026-03-20T14:44:07.012Z] [Auth] Missing session cookie
[2026-03-20T14:44:26.389Z] [Koomi Scheduler] Running auto-sync for 2026-03-19 to 2026-03-20
[2026-03-20T14:44:26.390Z] [Koomi Scheduler] Starting sync for 2026-03-19 to 2026-03-20
[2026-03-20T14:44:26.390Z] [Koomi] Fetching Net Onsite Sales: 2026-03-19 to 2026-03-20
[2026-03-20T14:44:29.239Z] [Koomi Scheduler] Sales: 6 records (0 new, 6 updated)
[2026-03-20T14:44:29.240Z] [Koomi] Fetching Breakdown Onsite: 2026-03-19 to 2026-03-20
[2026-03-20T14:44:40.474Z] [Koomi Scheduler] Breakdown: 385 items across 3 stores
[2026-03-20T14:49:26.374Z] [Koomi Scheduler] Running auto-sync for 2026-03-19 to 2026-03-20
[2026-03-20T14:49:26.375Z] [Koomi Scheduler] Starting sync for 2026-03-19 to 2026-03-20
[2026-03-20T14:49:26.375Z] [Koomi] Fetching Net Onsite Sales: 2026-03-19 to 2026-03-20
[2026-03-20T14:49:29.426Z] [Koomi Scheduler] Sales: 6 records (0 new, 6 updated)
[2026-03-20T14:49:29.427Z] [Koomi] Fetching Breakdown Onsite: 2026-03-19 to 2026-03-20
[2026-03-20T14:49:40.620Z] [Koomi Scheduler] Breakdown: 385 items across 3 stores
[2026-03-20T14:54:26.373Z] [Koomi Scheduler] Running auto-sync for 2026-03-19 to 2026-03-20
[2026-03-20T14:54:26.374Z] [Koomi Scheduler] Starting sync for 2026-03-19 to 2026-03-20
[2026-03-20T14:54:26.375Z] [Koomi] Fetching Net Onsite Sales: 2026-03-19 to 2026-03-20
[2026-03-20T14:54:27.654Z] [Koomi Scheduler] Sales: 6 records (0 new, 6 updated)
[2026-03-20T14:54:27.655Z] [Koomi] Fetching Breakdown Onsite: 2026-03-19 to 2026-03-20
[2026-03-20T14:54:36.100Z] [Koomi Scheduler] Breakdown: 385 items across 3 stores
[2026-03-20T14:59:26.373Z] [Koomi Scheduler] Running auto-sync for 2026-03-19 to 2026-03-20
[2026-03-20T14:59:26.374Z] [Koomi Scheduler] Starting sync for 2026-03-19 to 2026-03-20
[2026-03-20T14:59:26.375Z] [Koomi] Fetching Net Onsite Sales: 2026-03-19 to 2026-03-20
[2026-03-20T14:59:28.877Z] [Koomi Scheduler] Sales: 6 records (0 new, 6 updated)
[2026-03-20T14:59:28.878Z] [Koomi] Fetching Breakdown Onsite: 2026-03-19 to 2026-03-20
[2026-03-20T14:59:39.810Z] [Koomi Scheduler] Breakdown: 386 items across 3 stores
[2026-03-20T15:04:26.374Z] [Koomi Scheduler] Running auto-sync for 2026-03-19 to 2026-03-20
[2026-03-20T15:04:26.375Z] [Koomi Scheduler] Starting sync for 2026-03-19 to 2026-03-20
[2026-03-20T15:04:26.376Z] [Koomi] Fetching Net Onsite Sales: 2026-03-19 to 2026-03-20
[2026-03-20T15:04:29.112Z] [Koomi Scheduler] Sales: 6 records (0 new, 6 updated)
[2026-03-20T15:04:29.113Z] [Koomi] Fetching Breakdown Onsite: 2026-03-19 to 2026-03-20
[2026-03-20T15:04:41.350Z] [Koomi Scheduler] Breakdown: 386 items across 3 stores
[2026-03-20T15:09:26.375Z] [Koomi Scheduler] Running auto-sync for 2026-03-19 to 2026-03-20
[2026-03-20T15:09:26.376Z] [Koomi Scheduler] Starting sync for 2026-03-19 to 2026-03-20
[2026-03-20T15:09:26.377Z] [Koomi] Fetching Net Onsite Sales: 2026-03-19 to 2026-03-20
[2026-03-20T15:09:29.146Z] [Koomi Scheduler] Sales: 6 records (0 new, 6 updated)
[2026-03-20T15:09:29.147Z] [Koomi] Fetching Breakdown Onsite: 2026-03-19 to 2026-03-20
[2026-03-20T15:09:33.988Z] [Koomi] Login successful
[2026-03-20T15:09:45.638Z] [Koomi Scheduler] Breakdown: 386 items across 3 stores
[2026-03-20T15:14:26.374Z] [Koomi Scheduler] Running auto-sync for 2026-03-19 to 2026-03-20
[2026-03-20T15:14:26.375Z] [Koomi Scheduler] Starting sync for 2026-03-19 to 2026-03-20
[2026-03-20T15:14:26.376Z] [Koomi] Fetching Net Onsite Sales: 2026-03-19 to 2026-03-20
[2026-03-20T15:14:27.058Z] [Koomi Scheduler] Sales: 6 records (0 new, 6 updated)
[2026-03-20T15:14:27.059Z] [Koomi] Fetching Breakdown Onsite: 2026-03-19 to 2026-03-20
[2026-03-20T15:14:36.226Z] [Koomi Scheduler] Breakdown: 387 items across 3 stores
[2026-03-20T15:19:26.375Z] [Koomi Scheduler] Running auto-sync for 2026-03-19 to 2026-03-20
[2026-03-20T15:19:26.376Z] [Koomi Scheduler] Starting sync for 2026-03-19 to 2026-03-20
[2026-03-20T15:19:26.377Z] [Koomi] Fetching Net Onsite Sales: 2026-03-19 to 2026-03-20
[2026-03-20T15:19:27.031Z] [Koomi Scheduler] Sales: 6 records (0 new, 6 updated)
[2026-03-20T15:19:27.032Z] [Koomi] Fetching Breakdown Onsite: 2026-03-19 to 2026-03-20
[2026-03-20T15:19:36.094Z] [Koomi Scheduler] Breakdown: 388 items across 3 stores
[2026-03-20T15:24:26.376Z] [Koomi Scheduler] Running auto-sync for 2026-03-19 to 2026-03-20
[2026-03-20T15:24:26.377Z] [Koomi Scheduler] Starting sync for 2026-03-19 to 2026-03-20
[2026-03-20T15:24:26.378Z] [Koomi] Fetching Net Onsite Sales: 2026-03-19 to 2026-03-20
[2026-03-20T15:24:27.444Z] [Koomi Scheduler] Sales: 6 records (0 new, 6 updated)
[2026-03-20T15:24:27.445Z] [Koomi] Fetching Breakdown Onsite: 2026-03-19 to 2026-03-20
[2026-03-20T15:24:37.164Z] [Koomi Scheduler] Breakdown: 388 items across 3 stores
[2026-03-20T15:29:26.376Z] [Koomi Scheduler] Running auto-sync for 2026-03-19 to 2026-03-20
[2026-03-20T15:29:26.376Z] [Koomi Scheduler] Starting sync for 2026-03-19 to 2026-03-20
[2026-03-20T15:29:26.377Z] [Koomi] Fetching Net Onsite Sales: 2026-03-19 to 2026-03-20
[2026-03-20T15:29:29.433Z] [Koomi Scheduler] Sales: 6 records (0 new, 6 updated)
[2026-03-20T15:29:29.434Z] [Koomi] Fetching Breakdown Onsite: 2026-03-19 to 2026-03-20
[2026-03-20T15:29:41.553Z] [Koomi Scheduler] Breakdown: 388 items across 3 stores
[2026-03-20T15:34:26.377Z] [Koomi Scheduler] Running auto-sync for 2026-03-19 to 2026-03-20
[2026-03-20T15:34:26.378Z] [Koomi Scheduler] Starting sync for 2026-03-19 to 2026-03-20
[2026-03-20T15:34:26.378Z] [Koomi] Fetching Net Onsite Sales: 2026-03-19 to 2026-03-20
[2026-03-20T15:34:27.037Z] [Koomi Scheduler] Sales: 6 records (0 new, 6 updated)
[2026-03-20T15:34:27.038Z] [Koomi] Fetching Breakdown Onsite: 2026-03-19 to 2026-03-20
[2026-03-20T15:34:36.502Z] [Koomi Scheduler] Breakdown: 388 items across 3 stores
[2026-03-20T15:39:26.377Z] [Koomi Scheduler] Running auto-sync for 2026-03-19 to 2026-03-20
[2026-03-20T15:39:26.377Z] [Koomi Scheduler] Starting sync for 2026-03-19 to 2026-03-20
[2026-03-20T15:39:26.378Z] [Koomi] Fetching Net Onsite Sales: 2026-03-19 to 2026-03-20
[2026-03-20T15:39:27.424Z] [Koomi Scheduler] Sales: 6 records (0 new, 6 updated)
[2026-03-20T15:39:27.425Z] [Koomi] Fetching Breakdown Onsite: 2026-03-19 to 2026-03-20
[2026-03-20T15:39:39.610Z] [Koomi Scheduler] Breakdown: 388 items across 3 stores
[2026-03-20T15:44:26.375Z] [Koomi Scheduler] Running auto-sync for 2026-03-19 to 2026-03-20
[2026-03-20T15:44:26.375Z] [Koomi Scheduler] Starting sync for 2026-03-19 to 2026-03-20
[2026-03-20T15:44:26.376Z] [Koomi] Fetching Net Onsite Sales: 2026-03-19 to 2026-03-20
[2026-03-20T15:44:28.315Z] [Koomi] Login successful
[2026-03-20T15:44:28.821Z] [Koomi Scheduler] Sales: 6 records (0 new, 6 updated)
[2026-03-20T15:44:28.821Z] [Koomi] Fetching Breakdown Onsite: 2026-03-19 to 2026-03-20
[2026-03-20T15:44:39.512Z] [Koomi Scheduler] Breakdown: 388 items across 3 stores
[2026-03-20T15:49:26.376Z] [Koomi Scheduler] Running auto-sync for 2026-03-19 to 2026-03-20
[2026-03-20T15:49:26.377Z] [Koomi Scheduler] Starting sync for 2026-03-19 to 2026-03-20
[2026-03-20T15:49:26.377Z] [Koomi] Fetching Net Onsite Sales: 2026-03-19 to 2026-03-20
[2026-03-20T15:49:26.812Z] [Koomi Scheduler] Sales: 6 records (0 new, 6 updated)
[2026-03-20T15:49:26.813Z] [Koomi] Fetching Breakdown Onsite: 2026-03-19 to 2026-03-20
[2026-03-20T15:49:37.770Z] [Koomi Scheduler] Breakdown: 388 items across 3 stores
[2026-03-20T15:54:26.378Z] [Koomi Scheduler] Running auto-sync for 2026-03-19 to 2026-03-20
[2026-03-20T15:54:26.379Z] [Koomi Scheduler] Starting sync for 2026-03-19 to 2026-03-20
[2026-03-20T15:54:26.379Z] [Koomi] Fetching Net Onsite Sales: 2026-03-19 to 2026-03-20
[2026-03-20T15:54:26.941Z] [Koomi Scheduler] Sales: 6 records (0 new, 6 updated)
[2026-03-20T15:54:26.942Z] [Koomi] Fetching Breakdown Onsite: 2026-03-19 to 2026-03-20
[2026-03-20T15:54:40.092Z] [Koomi Scheduler] Breakdown: 391 items across 3 stores
[2026-03-20T15:59:26.377Z] [Koomi Scheduler] Running auto-sync for 2026-03-19 to 2026-03-20
[2026-03-20T15:59:26.378Z] [Koomi Scheduler] Starting sync for 2026-03-19 to 2026-03-20
[2026-03-20T15:59:26.378Z] [Koomi] Fetching Net Onsite Sales: 2026-03-19 to 2026-03-20
[2026-03-20T15:59:27.096Z] [Koomi Scheduler] Sales: 6 records (0 new, 6 updated)
[2026-03-20T15:59:27.097Z] [Koomi] Fetching Breakdown Onsite: 2026-03-19 to 2026-03-20
[2026-03-20T15:59:37.037Z] [Koomi Scheduler] Breakdown: 391 items across 3 stores
[2026-03-20T16:04:26.376Z] [Koomi Scheduler] Running auto-sync for 2026-03-19 to 2026-03-20
[2026-03-20T16:04:26.377Z] [Koomi Scheduler] Starting sync for 2026-03-19 to 2026-03-20
[2026-03-20T16:04:26.377Z] [Koomi] Fetching Net Onsite Sales: 2026-03-19 to 2026-03-20
[2026-03-20T16:04:26.963Z] [Koomi Scheduler] Sales: 6 records (0 new, 6 updated)
[2026-03-20T16:04:26.964Z] [Koomi] Fetching Breakdown Onsite: 2026-03-19 to 2026-03-20
[2026-03-20T16:04:36.895Z] [Koomi Scheduler] Breakdown: 391 items across 3 stores
[2026-03-20T16:09:26.379Z] [Koomi Scheduler] Running auto-sync for 2026-03-19 to 2026-03-20
[2026-03-20T16:09:26.380Z] [Koomi Scheduler] Starting sync for 2026-03-19 to 2026-03-20
[2026-03-20T16:09:26.381Z] [Koomi] Fetching Net Onsite Sales: 2026-03-19 to 2026-03-20
[2026-03-20T16:09:26.851Z] [Koomi Scheduler] Sales: 6 records (0 new, 6 updated)
[2026-03-20T16:09:26.852Z] [Koomi] Fetching Breakdown Onsite: 2026-03-19 to 2026-03-20
[2026-03-20T16:09:36.849Z] [Koomi Scheduler] Breakdown: 391 items across 3 stores
[2026-03-20T16:14:26.378Z] [Koomi Scheduler] Running auto-sync for 2026-03-19 to 2026-03-20
[2026-03-20T16:14:26.379Z] [Koomi Scheduler] Starting sync for 2026-03-19 to 2026-03-20
[2026-03-20T16:14:26.379Z] [Koomi] Fetching Net Onsite Sales: 2026-03-19 to 2026-03-20
[2026-03-20T16:14:27.344Z] [Koomi Scheduler] Sales: 6 records (0 new, 6 updated)
[2026-03-20T16:14:27.345Z] [Koomi] Fetching Breakdown Onsite: 2026-03-19 to 2026-03-20
[2026-03-20T16:14:30.331Z] [Koomi] Login successful
[2026-03-20T16:14:40.407Z] [Koomi Scheduler] Breakdown: 396 items across 3 stores
[2026-03-20T16:19:26.377Z] [Koomi Scheduler] Running auto-sync for 2026-03-19 to 2026-03-20
[2026-03-20T16:19:26.377Z] [Koomi Scheduler] Starting sync for 2026-03-19 to 2026-03-20
[2026-03-20T16:19:26.378Z] [Koomi] Fetching Net Onsite Sales: 2026-03-19 to 2026-03-20
[2026-03-20T16:19:27.350Z] [Koomi Scheduler] Sales: 6 records (0 new, 6 updated)
[2026-03-20T16:19:27.351Z] [Koomi] Fetching Breakdown Onsite: 2026-03-19 to 2026-03-20
[2026-03-20T16:19:37.755Z] [Koomi Scheduler] Breakdown: 396 items across 3 stores
[2026-03-20T16:24:26.377Z] [Koomi Scheduler] Running auto-sync for 2026-03-19 to 2026-03-20
[2026-03-20T16:24:26.378Z] [Koomi Scheduler] Starting sync for 2026-03-19 to 2026-03-20
[2026-03-20T16:24:26.379Z] [Koomi] Fetching Net Onsite Sales: 2026-03-19 to 2026-03-20
[2026-03-20T16:24:27.389Z] [Koomi Scheduler] Sales: 6 records (0 new, 6 updated)
[2026-03-20T16:24:27.390Z] [Koomi] Fetching Breakdown Onsite: 2026-03-19 to 2026-03-20
[2026-03-20T16:24:38.981Z] [Koomi Scheduler] Breakdown: 398 items across 3 stores
[2026-03-20T16:29:26.382Z] [Koomi Scheduler] Running auto-sync for 2026-03-19 to 2026-03-20
[2026-03-20T16:29:26.383Z] [Koomi Scheduler] Starting sync for 2026-03-19 to 2026-03-20
[2026-03-20T16:29:26.384Z] [Koomi] Fetching Net Onsite Sales: 2026-03-19 to 2026-03-20
[2026-03-20T16:29:27.037Z] [Koomi Scheduler] Sales: 6 records (0 new, 6 updated)
[2026-03-20T16:29:27.037Z] [Koomi] Fetching Breakdown Onsite: 2026-03-19 to 2026-03-20
[2026-03-20T16:29:37.735Z] [Koomi Scheduler] Breakdown: 398 items across 3 stores
[2026-03-20T16:34:26.381Z] [Koomi Scheduler] Running auto-sync for 2026-03-19 to 2026-03-20
[2026-03-20T16:34:26.382Z] [Koomi Scheduler] Starting sync for 2026-03-19 to 2026-03-20
[2026-03-20T16:34:26.383Z] [Koomi] Fetching Net Onsite Sales: 2026-03-19 to 2026-03-20
[2026-03-20T16:34:27.010Z] [Koomi Scheduler] Sales: 6 records (0 new, 6 updated)
[2026-03-20T16:34:27.011Z] [Koomi] Fetching Breakdown Onsite: 2026-03-19 to 2026-03-20
[2026-03-20T16:34:37.958Z] [Koomi Scheduler] Breakdown: 398 items across 3 stores
[2026-03-20T16:39:26.379Z] [Koomi Scheduler] Running auto-sync for 2026-03-19 to 2026-03-20
[2026-03-20T16:39:26.380Z] [Koomi Scheduler] Starting sync for 2026-03-19 to 2026-03-20
[2026-03-20T16:39:26.381Z] [Koomi] Fetching Net Onsite Sales: 2026-03-19 to 2026-03-20
[2026-03-20T16:39:26.902Z] [Koomi Scheduler] Sales: 6 records (0 new, 6 updated)
[2026-03-20T16:39:26.902Z] [Koomi] Fetching Breakdown Onsite: 2026-03-19 to 2026-03-20
[2026-03-20T16:39:37.705Z] [Koomi Scheduler] Breakdown: 398 items across 3 stores
[2026-03-20T16:44:26.380Z] [Koomi Scheduler] Running auto-sync for 2026-03-19 to 2026-03-20
[2026-03-20T16:44:26.381Z] [Koomi Scheduler] Starting sync for 2026-03-19 to 2026-03-20
[2026-03-20T16:44:26.381Z] [Koomi] Fetching Net Onsite Sales: 2026-03-19 to 2026-03-20
[2026-03-20T16:44:27.403Z] [Koomi Scheduler] Sales: 6 records (0 new, 6 updated)
[2026-03-20T16:44:27.404Z] [Koomi] Fetching Breakdown Onsite: 2026-03-19 to 2026-03-20
[2026-03-20T16:44:38.662Z] [Koomi Scheduler] Breakdown: 400 items across 3 stores
[2026-03-20T16:49:26.380Z] [Koomi Scheduler] Running auto-sync for 2026-03-19 to 2026-03-20
[2026-03-20T16:49:26.380Z] [Koomi Scheduler] Starting sync for 2026-03-19 to 2026-03-20
[2026-03-20T16:49:26.381Z] [Koomi] Fetching Net Onsite Sales: 2026-03-19 to 2026-03-20
[2026-03-20T16:49:27.402Z] [Koomi] Login successful
[2026-03-20T16:49:27.800Z] [Koomi Scheduler] Sales: 6 records (0 new, 6 updated)
[2026-03-20T16:49:27.800Z] [Koomi] Fetching Breakdown Onsite: 2026-03-19 to 2026-03-20
[2026-03-20T16:49:37.872Z] [Koomi Scheduler] Breakdown: 400 items across 3 stores
[2026-03-20T16:54:26.382Z] [Koomi Scheduler] Running auto-sync for 2026-03-19 to 2026-03-20
[2026-03-20T16:54:26.383Z] [Koomi Scheduler] Starting sync for 2026-03-19 to 2026-03-20
[2026-03-20T16:54:26.383Z] [Koomi] Fetching Net Onsite Sales: 2026-03-19 to 2026-03-20
[2026-03-20T16:54:27.045Z] [Koomi Scheduler] Sales: 6 records (0 new, 6 updated)
[2026-03-20T16:54:27.047Z] [Koomi] Fetching Breakdown Onsite: 2026-03-19 to 2026-03-20
[2026-03-20T16:54:38.111Z] [Koomi Scheduler] Breakdown: 402 items across 3 stores
[2026-03-20T16:59:26.381Z] [Koomi Scheduler] Running auto-sync for 2026-03-19 to 2026-03-20
[2026-03-20T16:59:26.382Z] [Koomi Scheduler] Starting sync for 2026-03-19 to 2026-03-20
[2026-03-20T16:59:26.382Z] [Koomi] Fetching Net Onsite Sales: 2026-03-19 to 2026-03-20
[2026-03-20T16:59:26.797Z] [Koomi Scheduler] Sales: 6 records (0 new, 6 updated)
[2026-03-20T16:59:26.797Z] [Koomi] Fetching Breakdown Onsite: 2026-03-19 to 2026-03-20
[2026-03-20T16:59:37.326Z] [Koomi Scheduler] Breakdown: 402 items across 3 stores
[2026-03-20T17:04:26.392Z] [Koomi Scheduler] Running auto-sync for 2026-03-19 to 2026-03-20
[2026-03-20T17:04:26.393Z] [Koomi Scheduler] Starting sync for 2026-03-19 to 2026-03-20
[2026-03-20T17:04:26.393Z] [Koomi] Fetching Net Onsite Sales: 2026-03-19 to 2026-03-20
[2026-03-20T17:04:27.394Z] [Koomi Scheduler] Sales: 6 records (0 new, 6 updated)
[2026-03-20T17:04:27.395Z] [Koomi] Fetching Breakdown Onsite: 2026-03-19 to 2026-03-20
[2026-03-20T17:04:38.937Z] [Koomi Scheduler] Breakdown: 404 items across 3 stores
[2026-03-20T17:07:41.128Z] [Auth] Missing session cookie
[2026-03-20T17:09:25.935Z] [Koomi Scheduler] Error: DrizzleQueryError: Failed query: select `id`, `key`, `value`, `updatedAt` from `appSettings` where `appSettings`.`key` = ? limit ?
[2026-03-20T17:09:25.935Z] params: koomi_auto_sync_enabled,1
[2026-03-20T17:09:25.936Z] at MySql2PreparedQuery.queryWithCache (/home/ubuntu/hinnawi-ops/node_modules/.pnpm/drizzle-orm@0.44.6_mysql2@3.15.1/node_modules/src/mysql-core/session.ts:79:11)
[2026-03-20T17:09:25.936Z] at process.processTicksAndRejections (node:internal/process/task_queues:105:5)
[2026-03-20T17:09:25.937Z] at async MySql2PreparedQuery.execute (/home/ubuntu/hinnawi-ops/node_modules/.pnpm/drizzle-orm@0.44.6_mysql2@3.15.1/node_modules/src/mysql2/session.ts:132:18)
[2026-03-20T17:09:25.937Z] at async getSetting (/home/ubuntu/hinnawi-ops/server/autoRetry.ts:11:16)
[2026-03-20T17:09:25.937Z] at async runAutoSync (/home/ubuntu/hinnawi-ops/server/koomiScheduler.ts:170:19)
[2026-03-20T17:09:25.937Z] at async Timeout._onTimeout (/home/ubuntu/hinnawi-ops/server/koomiScheduler.ts:203:7) {
[2026-03-20T17:09:25.938Z] query: 'select `id`, `key`, `value`, `updatedAt` from `appSettings` where `appSettings`.`key` = ? limit ?',
[2026-03-20T17:09:25.938Z] params: [ 'koomi_auto_sync_enabled', 1 ],
[2026-03-20T17:09:25.938Z] cause: Error: read ECONNRESET
[2026-03-20T17:09:25.939Z] at PromisePool.query (/home/ubuntu/hinnawi-ops/node_modules/.pnpm/mysql2@3.15.1/node_modules/mysql2/lib/promise/pool.js:36:22)
[2026-03-20T17:09:25.939Z] at <anonymous> (/home/ubuntu/hinnawi-ops/node_modules/.pnpm/drizzle-orm@0.44.6_mysql2@3.15.1/node_modules/src/mysql2/session.ts:133:24)
[2026-03-20T17:09:25.939Z] at MySql2PreparedQuery.queryWithCache (/home/ubuntu/hinnawi-ops/node_modules/.pnpm/drizzle-orm@0.44.6_mysql2@3.15.1/node_modules/src/mysql-core/session.ts:77:18)
[2026-03-20T17:09:25.940Z] at MySql2PreparedQuery.execute (/home/ubuntu/hinnawi-ops/node_modules/.pnpm/drizzle-orm@0.44.6_mysql2@3.15.1/node_modules/src/mysql2/session.ts:132:29)
[2026-03-20T17:09:25.940Z] at MySqlSelectBase.execute (/home/ubuntu/hinnawi-ops/node_modules/.pnpm/drizzle-orm@0.44.6_mysql2@3.15.1/node_modules/src/mysql-core/query-builders/select.ts:1145:25)
[2026-03-20T17:09:25.940Z] at MySqlSelectBase.then (/home/ubuntu/hinnawi-ops/node_modules/.pnpm/drizzle-orm@0.44.6_mysql2@3.15.1/node_modules/src/query-promise.ts:31:15) {
[2026-03-20T17:09:25.941Z] code: 'ECONNRESET',
[2026-03-20T17:09:25.941Z] errno: -104,
[2026-03-20T17:09:25.941Z] sql: undefined,
[2026-03-20T17:09:25.941Z] sqlState: undefined,
[2026-03-20T17:09:25.942Z] sqlMessage: undefined
[2026-03-20T17:09:25.942Z] }
[2026-03-20T17:09:25.942Z] }
[2026-03-20T17:14:25.926Z] [Koomi Scheduler] Error: DrizzleQueryError: Failed query: select `id`, `key`, `value`, `updatedAt` from `appSettings` where `appSettings`.`key` = ? limit ?
[2026-03-20T17:14:25.927Z] params: koomi_auto_sync_enabled,1
[2026-03-20T17:14:25.927Z] at MySql2PreparedQuery.queryWithCache (/home/ubuntu/hinnawi-ops/node_modules/.pnpm/drizzle-orm@0.44.6_mysql2@3.15.1/node_modules/src/mysql-core/session.ts:79:11)
[2026-03-20T17:14:25.927Z] at process.processTicksAndRejections (node:internal/process/task_queues:105:5)
[2026-03-20T17:14:25.928Z] at async MySql2PreparedQuery.execute (/home/ubuntu/hinnawi-ops/node_modules/.pnpm/drizzle-orm@0.44.6_mysql2@3.15.1/node_modules/src/mysql2/session.ts:132:18)
[2026-03-20T17:14:25.928Z] at async getSetting (/home/ubuntu/hinnawi-ops/server/autoRetry.ts:11:16)
[2026-03-20T17:14:25.928Z] at async runAutoSync (/home/ubuntu/hinnawi-ops/server/koomiScheduler.ts:170:19)
[2026-03-20T17:14:25.929Z] at async Timeout._onTimeout (/home/ubuntu/hinnawi-ops/server/koomiScheduler.ts:203:7) {
[2026-03-20T17:14:25.929Z] query: 'select `id`, `key`, `value`, `updatedAt` from `appSettings` where `appSettings`.`key` = ? limit ?',
[2026-03-20T17:14:25.929Z] params: [ 'koomi_auto_sync_enabled', 1 ],
[2026-03-20T17:14:25.930Z] cause: Error: read ECONNRESET
[2026-03-20T17:14:25.930Z] at PromisePool.query (/home/ubuntu/hinnawi-ops/node_modules/.pnpm/mysql2@3.15.1/node_modules/mysql2/lib/promise/pool.js:36:22)
[2026-03-20T17:14:25.930Z] at <anonymous> (/home/ubuntu/hinnawi-ops/node_modules/.pnpm/drizzle-orm@0.44.6_mysql2@3.15.1/node_modules/src/mysql2/session.ts:133:24)
[2026-03-20T17:14:25.931Z] at MySql2PreparedQuery.queryWithCache (/home/ubuntu/hinnawi-ops/node_modules/.pnpm/drizzle-orm@0.44.6_mysql2@3.15.1/node_modules/src/mysql-core/session.ts:77:18)
[2026-03-20T17:14:25.931Z] at MySql2PreparedQuery.execute (/home/ubuntu/hinnawi-ops/node_modules/.pnpm/drizzle-orm@0.44.6_mysql2@3.15.1/node_modules/src/mysql2/session.ts:132:29)
[2026-03-20T17:14:25.931Z] at MySqlSelectBase.execute (/home/ubuntu/hinnawi-ops/node_modules/.pnpm/drizzle-orm@0.44.6_mysql2@3.15.1/node_modules/src/mysql-core/query-builders/select.ts:1145:25)
[2026-03-20T17:14:25.932Z] at MySqlSelectBase.then (/home/ubuntu/hinnawi-ops/node_modules/.pnpm/drizzle-orm@0.44.6_mysql2@3.15.1/node_modules/src/query-promise.ts:31:15) {
[2026-03-20T17:14:25.932Z] code: 'ECONNRESET',
[2026-03-20T17:14:25.932Z] errno: -104,
[2026-03-20T17:14:25.933Z] sql: undefined,
[2026-03-20T17:14:25.933Z] sqlState: undefined,
[2026-03-20T17:14:25.934Z] sqlMessage: undefined
[2026-03-20T17:14:25.934Z] }
[2026-03-20T17:14:25.934Z] }
[2026-03-20T17:19:25.927Z] [Koomi Scheduler] Error: DrizzleQueryError: Failed query: select `id`, `key`, `value`, `updatedAt` from `appSettings` where `appSettings`.`key` = ? limit ?
[2026-03-20T17:19:25.928Z] params: koomi_auto_sync_enabled,1
[2026-03-20T17:19:25.928Z] at MySql2PreparedQuery.queryWithCache (/home/ubuntu/hinnawi-ops/node_modules/.pnpm/drizzle-orm@0.44.6_mysql2@3.15.1/node_modules/src/mysql-core/session.ts:79:11)
[2026-03-20T17:19:25.929Z] at process.processTicksAndRejections (node:internal/process/task_queues:105:5)
[2026-03-20T17:19:25.929Z] at async MySql2PreparedQuery.execute (/home/ubuntu/hinnawi-ops/node_modules/.pnpm/drizzle-orm@0.44.6_mysql2@3.15.1/node_modules/src/mysql2/session.ts:132:18)
[2026-03-20T17:19:25.930Z] at async getSetting (/home/ubuntu/hinnawi-ops/server/autoRetry.ts:11:16)
[2026-03-20T17:19:25.930Z] at async runAutoSync (/home/ubuntu/hinnawi-ops/server/koomiScheduler.ts:170:19)
[2026-03-20T17:19:25.930Z] at async Timeout._onTimeout (/home/ubuntu/hinnawi-ops/server/koomiScheduler.ts:203:7) {
[2026-03-20T17:19:25.930Z] query: 'select `id`, `key`, `value`, `updatedAt` from `appSettings` where `appSettings`.`key` = ? limit ?',
[2026-03-20T17:19:25.931Z] params: [ 'koomi_auto_sync_enabled', 1 ],
[2026-03-20T17:19:25.931Z] cause: Error: read ECONNRESET
[2026-03-20T17:19:25.931Z] at PromisePool.query (/home/ubuntu/hinnawi-ops/node_modules/.pnpm/mysql2@3.15.1/node_modules/mysql2/lib/promise/pool.js:36:22)
[2026-03-20T17:19:25.932Z] at <anonymous> (/home/ubuntu/hinnawi-ops/node_modules/.pnpm/drizzle-orm@0.44.6_mysql2@3.15.1/node_modules/src/mysql2/session.ts:133:24)
[2026-03-20T17:19:25.932Z] at MySql2PreparedQuery.queryWithCache (/home/ubuntu/hinnawi-ops/node_modules/.pnpm/drizzle-orm@0.44.6_mysql2@3.15.1/node_modules/src/mysql-core/session.ts:77:18)
[2026-03-20T17:19:25.933Z] at MySql2PreparedQuery.execute (/home/ubuntu/hinnawi-ops/node_modules/.pnpm/drizzle-orm@0.44.6_mysql2@3.15.1/node_modules/src/mysql2/session.ts:132:29)
[2026-03-20T17:19:25.933Z] at MySqlSelectBase.execute (/home/ubuntu/hinnawi-ops/node_modules/.pnpm/drizzle-orm@0.44.6_mysql2@3.15.1/node_modules/src/mysql-core/query-builders/select.ts:1145:25)
[2026-03-20T17:19:25.933Z] at MySqlSelectBase.then (/home/ubuntu/hinnawi-ops/node_modules/.pnpm/drizzle-orm@0.44.6_mysql2@3.15.1/node_modules/src/query-promise.ts:31:15) {
[2026-03-20T17:19:25.934Z] code: 'ECONNRESET',
[2026-03-20T17:19:25.934Z] errno: -104,
[2026-03-20T17:19:25.934Z] sql: undefined,
[2026-03-20T17:19:25.935Z] sqlState: undefined,
[2026-03-20T17:19:25.935Z] sqlMessage: undefined
[2026-03-20T17:19:25.935Z] }
[2026-03-20T17:19:25.936Z] }
[2026-03-20T17:24:25.928Z] [Koomi Scheduler] Error: DrizzleQueryError: Failed query: select `id`, `key`, `value`, `updatedAt` from `appSettings` where `appSettings`.`key` = ? limit ?
[2026-03-20T17:24:25.929Z] params: koomi_auto_sync_enabled,1
[2026-03-20T17:24:25.929Z] at MySql2PreparedQuery.queryWithCache (/home/ubuntu/hinnawi-ops/node_modules/.pnpm/drizzle-orm@0.44.6_mysql2@3.15.1/node_modules/src/mysql-core/session.ts:79:11)
[2026-03-20T17:24:25.930Z] at process.processTicksAndRejections (node:internal/process/task_queues:105:5)
[2026-03-20T17:24:25.930Z] at async MySql2PreparedQuery.execute (/home/ubuntu/hinnawi-ops/node_modules/.pnpm/drizzle-orm@0.44.6_mysql2@3.15.1/node_modules/src/mysql2/session.ts:132:18)
[2026-03-20T17:24:25.930Z] at async getSetting (/home/ubuntu/hinnawi-ops/server/autoRetry.ts:11:16)
[2026-03-20T17:24:25.931Z] at async runAutoSync (/home/ubuntu/hinnawi-ops/server/koomiScheduler.ts:170:19)
[2026-03-20T17:24:25.931Z] at async Timeout._onTimeout (/home/ubuntu/hinnawi-ops/server/koomiScheduler.ts:203:7) {
[2026-03-20T17:24:25.932Z] query: 'select `id`, `key`, `value`, `updatedAt` from `appSettings` where `appSettings`.`key` = ? limit ?',
[2026-03-20T17:24:25.932Z] params: [ 'koomi_auto_sync_enabled', 1 ],
[2026-03-20T17:24:25.932Z] cause: Error: read ECONNRESET
[2026-03-20T17:24:25.933Z] at PromisePool.query (/home/ubuntu/hinnawi-ops/node_modules/.pnpm/mysql2@3.15.1/node_modules/mysql2/lib/promise/pool.js:36:22)
[2026-03-20T17:24:25.933Z] at <anonymous> (/home/ubuntu/hinnawi-ops/node_modules/.pnpm/drizzle-orm@0.44.6_mysql2@3.15.1/node_modules/src/mysql2/session.ts:133:24)
[2026-03-20T17:24:25.933Z] at MySql2PreparedQuery.queryWithCache (/home/ubuntu/hinnawi-ops/node_modules/.pnpm/drizzle-orm@0.44.6_mysql2@3.15.1/node_modules/src/mysql-core/session.ts:77:18)
[2026-03-20T17:24:25.934Z] at MySql2PreparedQuery.execute (/home/ubuntu/hinnawi-ops/node_modules/.pnpm/drizzle-orm@0.44.6_mysql2@3.15.1/node_modules/src/mysql2/session.ts:132:29)
[2026-03-20T17:24:25.934Z] at MySqlSelectBase.execute (/home/ubuntu/hinnawi-ops/node_modules/.pnpm/drizzle-orm@0.44.6_mysql2@3.15.1/node_modules/src/mysql-core/query-builders/select.ts:1145:25)
[2026-03-20T17:24:25.934Z] at MySqlSelectBase.then (/home/ubuntu/hinnawi-ops/node_modules/.pnpm/drizzle-orm@0.44.6_mysql2@3.15.1/node_modules/src/query-promise.ts:31:15) {
[2026-03-20T17:24:25.935Z] code: 'ECONNRESET',
[2026-03-20T17:24:25.935Z] errno: -104,
[2026-03-20T17:24:25.935Z] sql: undefined,
[2026-03-20T17:24:25.936Z] sqlState: undefined,
[2026-03-20T17:24:25.936Z] sqlMessage: undefined
[2026-03-20T17:24:25.936Z] }
[2026-03-20T17:24:25.936Z] }
[2026-03-20T17:29:25.928Z] [Koomi Scheduler] Error: DrizzleQueryError: Failed query: select `id`, `key`, `value`, `updatedAt` from `appSettings` where `appSettings`.`key` = ? limit ?
[2026-03-20T17:29:25.929Z] params: koomi_auto_sync_enabled,1
[2026-03-20T17:29:25.929Z] at MySql2PreparedQuery.queryWithCache (/home/ubuntu/hinnawi-ops/node_modules/.pnpm/drizzle-orm@0.44.6_mysql2@3.15.1/node_modules/src/mysql-core/session.ts:79:11)
[2026-03-20T17:29:25.930Z] at process.processTicksAndRejections (node:internal/process/task_queues:105:5)
[2026-03-20T17:29:25.930Z] at async MySql2PreparedQuery.execute (/home/ubuntu/hinnawi-ops/node_modules/.pnpm/drizzle-orm@0.44.6_mysql2@3.15.1/node_modules/src/mysql2/session.ts:132:18)
[2026-03-20T17:29:25.930Z] at async getSetting (/home/ubuntu/hinnawi-ops/server/autoRetry.ts:11:16)
[2026-03-20T17:29:25.931Z] at async runAutoSync (/home/ubuntu/hinnawi-ops/server/koomiScheduler.ts:170:19)
[2026-03-20T17:29:25.931Z] at async Timeout._onTimeout (/home/ubuntu/hinnawi-ops/server/koomiScheduler.ts:203:7) {
[2026-03-20T17:29:25.931Z] query: 'select `id`, `key`, `value`, `updatedAt` from `appSettings` where `appSettings`.`key` = ? limit ?',
[2026-03-20T17:29:25.932Z] params: [ 'koomi_auto_sync_enabled', 1 ],
[2026-03-20T17:29:25.932Z] cause: Error: read ECONNRESET
[2026-03-20T17:29:25.932Z] at PromisePool.query (/home/ubuntu/hinnawi-ops/node_modules/.pnpm/mysql2@3.15.1/node_modules/mysql2/lib/promise/pool.js:36:22)
[2026-03-20T17:29:25.933Z] at <anonymous> (/home/ubuntu/hinnawi-ops/node_modules/.pnpm/drizzle-orm@0.44.6_mysql2@3.15.1/node_modules/src/mysql2/session.ts:133:24)
[2026-03-20T17:29:25.933Z] at MySql2PreparedQuery.queryWithCache (/home/ubuntu/hinnawi-ops/node_modules/.pnpm/drizzle-orm@0.44.6_mysql2@3.15.1/node_modules/src/mysql-core/session.ts:77:18)
[2026-03-20T17:29:25.933Z] at MySql2PreparedQuery.execute (/home/ubuntu/hinnawi-ops/node_modules/.pnpm/drizzle-orm@0.44.6_mysql2@3.15.1/node_modules/src/mysql2/session.ts:132:29)
[2026-03-20T17:29:25.934Z] at MySqlSelectBase.execute (/home/ubuntu/hinnawi-ops/node_modules/.pnpm/drizzle-orm@0.44.6_mysql2@3.15.1/node_modules/src/mysql-core/query-builders/select.ts:1145:25)
[2026-03-20T17:29:25.934Z] at MySqlSelectBase.then (/home/ubuntu/hinnawi-ops/node_modules/.pnpm/drizzle-orm@0.44.6_mysql2@3.15.1/node_modules/src/query-promise.ts:31:15) {
[2026-03-20T17:29:25.934Z] code: 'ECONNRESET',
[2026-03-20T17:29:25.935Z] errno: -104,
[2026-03-20T17:29:25.935Z] sql: undefined,
[2026-03-20T17:29:25.935Z] sqlState: undefined,
[2026-03-20T17:29:25.936Z] sqlMessage: undefined
[2026-03-20T17:29:25.936Z] }
[2026-03-20T17:29:25.936Z] }
[2026-03-20T17:34:25.974Z] [Koomi Scheduler] Running auto-sync for 2026-03-19 to 2026-03-20
[2026-03-20T17:34:25.975Z] [Koomi Scheduler] Starting sync for 2026-03-19 to 2026-03-20
[2026-03-20T17:34:25.975Z] [Koomi] Fetching Net Onsite Sales: 2026-03-19 to 2026-03-20
[2026-03-20T17:34:26.657Z] [Koomi] Login successful
[2026-03-20T17:34:27.040Z] [Koomi Scheduler] Sales: 6 records (0 new, 6 updated)
[2026-03-20T17:34:27.041Z] [Koomi] Fetching Breakdown Onsite: 2026-03-19 to 2026-03-20
[2026-03-20T17:34:36.614Z] [Koomi Scheduler] Breakdown: 404 items across 3 stores
[2026-03-20T17:39:25.933Z] [Koomi Scheduler] Running auto-sync for 2026-03-19 to 2026-03-20
[2026-03-20T17:39:25.934Z] [Koomi Scheduler] Starting sync for 2026-03-19 to 2026-03-20
[2026-03-20T17:39:25.934Z] [Koomi] Fetching Net Onsite Sales: 2026-03-19 to 2026-03-20
[2026-03-20T17:39:27.028Z] [Koomi Scheduler] Sales: 6 records (0 new, 6 updated)
[2026-03-20T17:39:27.030Z] [Koomi] Fetching Breakdown Onsite: 2026-03-19 to 2026-03-20
[2026-03-20T17:39:36.967Z] [Koomi Scheduler] Breakdown: 404 items across 3 stores
[2026-03-20T17:44:25.933Z] [Koomi Scheduler] Running auto-sync for 2026-03-19 to 2026-03-20
[2026-03-20T17:44:25.934Z] [Koomi Scheduler] Starting sync for 2026-03-19 to 2026-03-20
[2026-03-20T17:44:25.934Z] [Koomi] Fetching Net Onsite Sales: 2026-03-19 to 2026-03-20
[2026-03-20T17:44:26.425Z] [Koomi Scheduler] Sales: 6 records (0 new, 6 updated)
[2026-03-20T17:44:26.426Z] [Koomi] Fetching Breakdown Onsite: 2026-03-19 to 2026-03-20
[2026-03-20T17:44:36.475Z] [Koomi Scheduler] Breakdown: 404 items across 3 stores
[2026-03-20T17:49:25.935Z] [Koomi Scheduler] Running auto-sync for 2026-03-19 to 2026-03-20
[2026-03-20T17:49:25.935Z] [Koomi Scheduler] Starting sync for 2026-03-19 to 2026-03-20
[2026-03-20T17:49:25.936Z] [Koomi] Fetching Net Onsite Sales: 2026-03-19 to 2026-03-20
[2026-03-20T17:49:26.309Z] [Koomi Scheduler] Sales: 6 records (0 new, 6 updated)
[2026-03-20T17:49:26.310Z] [Koomi] Fetching Breakdown Onsite: 2026-03-19 to 2026-03-20
[2026-03-20T17:49:35.922Z] [Koomi Scheduler] Breakdown: 405 items across 3 stores
[2026-03-20T17:54:25.936Z] [Koomi Scheduler] Running auto-sync for 2026-03-19 to 2026-03-20
[2026-03-20T17:54:25.938Z] [Koomi Scheduler] Starting sync for 2026-03-19 to 2026-03-20
[2026-03-20T17:54:25.938Z] [Koomi] Fetching Net Onsite Sales: 2026-03-19 to 2026-03-20
[2026-03-20T17:54:26.689Z] [Koomi Scheduler] Sales: 6 records (0 new, 6 updated)
[2026-03-20T17:54:26.690Z] [Koomi] Fetching Breakdown Onsite: 2026-03-19 to 2026-03-20
[2026-03-20T17:54:36.085Z] [Koomi Scheduler] Breakdown: 407 items across 3 stores
[2026-03-20T17:59:25.935Z] [Koomi Scheduler] Running auto-sync for 2026-03-19 to 2026-03-20
[2026-03-20T17:59:25.936Z] [Koomi Scheduler] Starting sync for 2026-03-19 to 2026-03-20
[2026-03-20T17:59:25.937Z] [Koomi] Fetching Net Onsite Sales: 2026-03-19 to 2026-03-20
[2026-03-20T17:59:26.996Z] [Koomi Scheduler] Sales: 6 records (0 new, 6 updated)
[2026-03-20T17:59:26.997Z] [Koomi] Fetching Breakdown Onsite: 2026-03-19 to 2026-03-20
[2026-03-20T17:59:37.072Z] [Koomi Scheduler] Breakdown: 407 items across 3 stores
[2026-03-20T18:04:25.936Z] [Koomi Scheduler] Running auto-sync for 2026-03-19 to 2026-03-20
[2026-03-20T18:04:25.936Z] [Koomi Scheduler] Starting sync for 2026-03-19 to 2026-03-20
[2026-03-20T18:04:25.937Z] [Koomi] Fetching Net Onsite Sales: 2026-03-19 to 2026-03-20
[2026-03-20T18:04:26.333Z] [Koomi Scheduler] Sales: 6 records (0 new, 6 updated)
[2026-03-20T18:04:26.334Z] [Koomi] Fetching Breakdown Onsite: 2026-03-19 to 2026-03-20
[2026-03-20T18:04:27.347Z] [Koomi] Login successful
[2026-03-20T18:04:36.200Z] [Koomi Scheduler] Breakdown: 407 items across 3 stores
[2026-03-20T18:09:25.958Z] [Koomi Scheduler] Running auto-sync for 2026-03-19 to 2026-03-20
[2026-03-20T18:09:25.959Z] [Koomi Scheduler] Starting sync for 2026-03-19 to 2026-03-20
[2026-03-20T18:09:25.959Z] [Koomi] Fetching Net Onsite Sales: 2026-03-19 to 2026-03-20
[2026-03-20T18:09:27.206Z] [Koomi Scheduler] Sales: 6 records (0 new, 6 updated)
[2026-03-20T18:09:27.206Z] [Koomi] Fetching Breakdown Onsite: 2026-03-19 to 2026-03-20
[2026-03-20T18:09:37.656Z] [Koomi Scheduler] Breakdown: 408 items across 3 stores
[2026-03-20T18:14:25.939Z] [Koomi Scheduler] Running auto-sync for 2026-03-19 to 2026-03-20
[2026-03-20T18:14:25.940Z] [Koomi Scheduler] Starting sync for 2026-03-19 to 2026-03-20
[2026-03-20T18:14:25.940Z] [Koomi] Fetching Net Onsite Sales: 2026-03-19 to 2026-03-20
[2026-03-20T18:14:26.735Z] [Koomi Scheduler] Sales: 6 records (0 new, 6 updated)
[2026-03-20T18:14:26.736Z] [Koomi] Fetching Breakdown Onsite: 2026-03-19 to 2026-03-20
[2026-03-20T18:14:36.621Z] [Koomi Scheduler] Breakdown: 409 items across 3 stores
[2026-03-20T18:19:25.937Z] [Koomi Scheduler] Running auto-sync for 2026-03-19 to 2026-03-20
[2026-03-20T18:19:25.938Z] [Koomi Scheduler] Starting sync for 2026-03-19 to 2026-03-20
[2026-03-20T18:19:25.938Z] [Koomi] Fetching Net Onsite Sales: 2026-03-19 to 2026-03-20
[2026-03-20T18:19:26.766Z] [Koomi Scheduler] Sales: 6 records (0 new, 6 updated)
[2026-03-20T18:19:26.767Z] [Koomi] Fetching Breakdown Onsite: 2026-03-19 to 2026-03-20
[2026-03-20T18:19:36.163Z] [Koomi Scheduler] Breakdown: 409 items across 3 stores
[2026-03-20T18:24:25.938Z] [Koomi Scheduler] Running auto-sync for 2026-03-19 to 2026-03-20
[2026-03-20T18:24:25.939Z] [Koomi Scheduler] Starting sync for 2026-03-19 to 2026-03-20
[2026-03-20T18:24:25.939Z] [Koomi] Fetching Net Onsite Sales: 2026-03-19 to 2026-03-20
[2026-03-20T18:24:27.058Z] [Koomi Scheduler] Sales: 6 records (0 new, 6 updated)
[2026-03-20T18:24:27.059Z] [Koomi] Fetching Breakdown Onsite: 2026-03-19 to 2026-03-20
[2026-03-20T18:24:36.840Z] [Koomi Scheduler] Breakdown: 409 items across 3 stores
[2026-03-20T18:29:25.938Z] [Koomi Scheduler] Running auto-sync for 2026-03-19 to 2026-03-20
[2026-03-20T18:29:25.939Z] [Koomi Scheduler] Starting sync for 2026-03-19 to 2026-03-20
[2026-03-20T18:29:25.940Z] [Koomi] Fetching Net Onsite Sales: 2026-03-19 to 2026-03-20
[2026-03-20T18:29:26.731Z] [Koomi Scheduler] Sales: 6 records (0 new, 6 updated)
[2026-03-20T18:29:26.732Z] [Koomi] Fetching Breakdown Onsite: 2026-03-19 to 2026-03-20
[2026-03-22T00:06:55.654Z] [Koomi Scheduler] Sync failed: Failed query: select `id`, `locationId`, `periodStart`, `periodEnd`, `section`, `itemName`, `category`, `groupName`, `totalRevenue`, `quantitySold`, `quantityRefunded`, `createdAt` from `productSales` where (`productSales`.`locationId` = ? and `productSales`.`periodStart` = ? and `productSales`.`periodEnd` = ? and `productSales`.`section` = ? and `productSales`.`itemName` = ? and `productSales`.`category` = ?) limit ?
[2026-03-22T00:06:55.655Z] params: 4,2026-03-19,2026-03-20,items,Muffin Double Chocolat Espresso,Viennoiseries,1
[2026-03-22T01:00:54.481Z] [Koomi Scheduler] Running auto-sync for 2026-03-21 to 2026-03-22
[2026-03-22T01:00:54.482Z] [Koomi Scheduler] Starting sync for 2026-03-21 to 2026-03-22
[2026-03-22T01:00:54.482Z] [Koomi] Fetching Net Onsite Sales: 2026-03-21 to 2026-03-22
[2026-03-22T01:00:59.573Z] [Koomi] Login successful
[2026-03-22T01:01:00.520Z] [Koomi Scheduler] Sales: 3 records (3 new, 0 updated)
[2026-03-22T01:01:00.521Z] [Koomi] Fetching Breakdown Onsite: 2026-03-21 to 2026-03-22
[2026-03-22T01:01:09.732Z] [Koomi Scheduler] Breakdown: 250 items across 2 stores
[2026-03-22T01:05:54.482Z] [Koomi Scheduler] Running auto-sync for 2026-03-21 to 2026-03-22
[2026-03-22T01:05:54.483Z] [Koomi Scheduler] Starting sync for 2026-03-21 to 2026-03-22
[2026-03-22T01:05:54.484Z] [Koomi] Fetching Net Onsite Sales: 2026-03-21 to 2026-03-22
[2026-03-22T01:05:56.342Z] [Koomi Scheduler] Sales: 3 records (0 new, 3 updated)
[2026-03-22T01:05:56.343Z] [Koomi] Fetching Breakdown Onsite: 2026-03-21 to 2026-03-22
[2026-03-22T01:06:03.369Z] [Koomi Scheduler] Breakdown: 250 items across 2 stores
[2026-03-22T01:10:54.481Z] [Koomi Scheduler] Running auto-sync for 2026-03-21 to 2026-03-22
[2026-03-22T01:10:54.481Z] [Koomi Scheduler] Starting sync for 2026-03-21 to 2026-03-22
[2026-03-22T01:10:54.482Z] [Koomi] Fetching Net Onsite Sales: 2026-03-21 to 2026-03-22
[2026-03-22T01:10:56.484Z] [Koomi Scheduler] Sales: 3 records (0 new, 3 updated)
[2026-03-22T01:10:56.485Z] [Koomi] Fetching Breakdown Onsite: 2026-03-21 to 2026-03-22
[2026-03-22T01:11:03.654Z] [Koomi Scheduler] Breakdown: 250 items across 2 stores
[2026-03-22T01:15:54.481Z] [Koomi Scheduler] Running auto-sync for 2026-03-21 to 2026-03-22
[2026-03-22T01:15:54.482Z] [Koomi Scheduler] Starting sync for 2026-03-21 to 2026-03-22
[2026-03-22T01:15:54.483Z] [Koomi] Fetching Net Onsite Sales: 2026-03-21 to 2026-03-22
[2026-03-22T01:15:56.655Z] [Koomi Scheduler] Sales: 3 records (0 new, 3 updated)
[2026-03-22T01:15:56.656Z] [Koomi] Fetching Breakdown Onsite: 2026-03-21 to 2026-03-22
[2026-03-22T01:16:03.752Z] [Koomi Scheduler] Breakdown: 250 items across 2 stores
[2026-03-22T01:20:54.481Z] [Koomi Scheduler] Running auto-sync for 2026-03-21 to 2026-03-22
[2026-03-22T01:20:54.482Z] [Koomi Scheduler] Starting sync for 2026-03-21 to 2026-03-22
[2026-03-22T01:20:54.483Z] [Koomi] Fetching Net Onsite Sales: 2026-03-21 to 2026-03-22
[2026-03-22T01:20:56.398Z] [Koomi Scheduler] Sales: 3 records (0 new, 3 updated)
[2026-03-22T01:20:56.399Z] [Koomi] Fetching Breakdown Onsite: 2026-03-21 to 2026-03-22
[2026-03-22T01:21:03.474Z] [Koomi Scheduler] Breakdown: 250 items across 2 stores
[2026-03-22T01:25:54.482Z] [Koomi Scheduler] Running auto-sync for 2026-03-21 to 2026-03-22
[2026-03-22T01:25:54.483Z] [Koomi Scheduler] Starting sync for 2026-03-21 to 2026-03-22
[2026-03-22T01:25:54.483Z] [Koomi] Fetching Net Onsite Sales: 2026-03-21 to 2026-03-22
[2026-03-22T01:25:56.442Z] [Koomi Scheduler] Sales: 3 records (0 new, 3 updated)
[2026-03-22T01:25:56.443Z] [Koomi] Fetching Breakdown Onsite: 2026-03-21 to 2026-03-22
[2026-03-22T01:26:03.389Z] [Koomi Scheduler] Breakdown: 250 items across 2 stores
[2026-03-24T16:12:29.653Z] [Koomi Scheduler] Error: DrizzleQueryError: Failed query: select `id`, `key`, `value`, `updatedAt` from `appSettings` where `appSettings`.`key` = ? limit ?
[2026-03-24T16:12:29.885Z] params: koomi_auto_sync_enabled,1
[2026-03-24T16:12:29.886Z] at MySql2PreparedQuery.queryWithCache (/home/ubuntu/hinnawi-ops/node_modules/.pnpm/drizzle-orm@0.44.6_mysql2@3.15.1/node_modules/src/mysql-core/session.ts:79:11)
[2026-03-24T16:12:29.887Z] at process.processTicksAndRejections (node:internal/process/task_queues:105:5)
[2026-03-24T16:12:29.887Z] at async MySql2PreparedQuery.execute (/home/ubuntu/hinnawi-ops/node_modules/.pnpm/drizzle-orm@0.44.6_mysql2@3.15.1/node_modules/src/mysql2/session.ts:132:18)
[2026-03-24T16:12:29.888Z] at async getSetting (/home/ubuntu/hinnawi-ops/server/autoRetry.ts:11:16)
[2026-03-24T16:12:29.889Z] at async runAutoSync (/home/ubuntu/hinnawi-ops/server/koomiScheduler.ts:170:19)
[2026-03-24T16:12:29.889Z] at async Timeout._onTimeout (/home/ubuntu/hinnawi-ops/server/koomiScheduler.ts:203:7) {
[2026-03-24T16:12:29.889Z] query: 'select `id`, `key`, `value`, `updatedAt` from `appSettings` where `appSettings`.`key` = ? limit ?',
[2026-03-24T16:12:29.889Z] params: [ 'koomi_auto_sync_enabled', 1 ],
[2026-03-24T16:12:29.890Z] cause: Error: read ECONNRESET
[2026-03-24T16:12:29.890Z] at PromisePool.query (/home/ubuntu/hinnawi-ops/node_modules/.pnpm/mysql2@3.15.1/node_modules/mysql2/lib/promise/pool.js:36:22)
[2026-03-24T16:12:29.890Z] at <anonymous> (/home/ubuntu/hinnawi-ops/node_modules/.pnpm/drizzle-orm@0.44.6_mysql2@3.15.1/node_modules/src/mysql2/session.ts:133:24)
[2026-03-24T16:12:29.891Z] at MySql2PreparedQuery.queryWithCache (/home/ubuntu/hinnawi-ops/node_modules/.pnpm/drizzle-orm@0.44.6_mysql2@3.15.1/node_modules/src/mysql-core/session.ts:77:18)
[2026-03-24T16:12:29.891Z] at MySql2PreparedQuery.execute (/home/ubuntu/hinnawi-ops/node_modules/.pnpm/drizzle-orm@0.44.6_mysql2@3.15.1/node_modules/src/mysql2/session.ts:132:29)
[2026-03-24T16:12:29.891Z] at MySqlSelectBase.execute (/home/ubuntu/hinnawi-ops/node_modules/.pnpm/drizzle-orm@0.44.6_mysql2@3.15.1/node_modules/src/mysql-core/query-builders/select.ts:1145:25)
[2026-03-24T16:12:29.892Z] at MySqlSelectBase.then (/home/ubuntu/hinnawi-ops/node_modules/.pnpm/drizzle-orm@0.44.6_mysql2@3.15.1/node_modules/src/query-promise.ts:31:15) {
[2026-03-24T16:12:29.892Z] code: 'ECONNRESET',
[2026-03-24T16:12:29.893Z] errno: -104,
[2026-03-24T16:12:29.893Z] sql: undefined,
[2026-03-24T16:12:29.894Z] sqlState: undefined,
[2026-03-24T16:12:29.894Z] sqlMessage: undefined
[2026-03-24T16:12:29.894Z] }
[2026-03-24T16:12:29.894Z] }
[2026-03-24T16:12:33.458Z] [Auth] Missing session cookie
[2026-03-24T16:12:34.891Z] [Auth] Missing session cookie
[2026-03-24T16:17:30.260Z] [Koomi Scheduler] Running auto-sync for 2026-03-23 to 2026-03-24
[2026-03-24T16:17:30.261Z] [Koomi Scheduler] Starting sync for 2026-03-23 to 2026-03-24
[2026-03-24T16:17:30.261Z] [Koomi] Fetching Net Onsite Sales: 2026-03-23 to 2026-03-24
[2026-03-24T16:17:31.014Z] [Koomi Scheduler] Sync failed: Failed to get PHP session from Koomi login page
[2026-03-24T16:22:30.225Z] [Koomi Scheduler] Running auto-sync for 2026-03-23 to 2026-03-24
[2026-03-24T16:22:30.227Z] [Koomi Scheduler] Starting sync for 2026-03-23 to 2026-03-24
[2026-03-24T16:22:30.227Z] [Koomi] Fetching Net Onsite Sales: 2026-03-23 to 2026-03-24
[2026-03-24T16:22:30.828Z] [Koomi Scheduler] Sync failed: Failed to get PHP session from Koomi login page
[2026-03-24T16:27:30.227Z] [Koomi Scheduler] Running auto-sync for 2026-03-23 to 2026-03-24
[2026-03-24T16:27:30.228Z] [Koomi Scheduler] Starting sync for 2026-03-23 to 2026-03-24
[2026-03-24T16:27:30.228Z] [Koomi] Fetching Net Onsite Sales: 2026-03-23 to 2026-03-24
[2026-03-24T16:27:31.303Z] [Koomi Scheduler] Sync failed: Failed to get PHP session from Koomi login page
[2026-03-24T16:27:36.583Z] [Auth] Missing session cookie
[2026-03-24T16:27:59.554Z] 12:27:59 PM [tsx] change in ./server/db.ts Restarting...
[2026-03-24T16:28:01.090Z] c[OAuth] Initialized with baseURL: https://api.manus.im
[2026-03-24T16:28:01.379Z] Server running on http://localhost:3000/
[2026-03-24T16:28:01.486Z] [AutoRetry] Scheduler not started (disabled in settings)
[2026-03-24T16:28:01.494Z] [Koomi Scheduler] Started (every 5 min: 7 AM–8 PM, plus 9 PM & midnight ET)
[2026-03-24T16:28:01.520Z] [Koomi Scheduler] Running auto-sync for 2026-03-23 to 2026-03-24
[2026-03-24T16:28:01.520Z] [Koomi Scheduler] Starting sync for 2026-03-23 to 2026-03-24
[2026-03-24T16:28:01.521Z] [Koomi] Fetching Net Onsite Sales: 2026-03-23 to 2026-03-24
[2026-03-24T16:28:01.563Z] [7shifts Scheduler] Not started (disabled in settings)
[2026-03-24T16:28:02.283Z] [Koomi Scheduler] Sync failed: Failed to get PHP session from Koomi login page
[2026-03-24T16:28:02.505Z] [baseline-browser-mapping] The data in this module is over two months old.  To ensure accurate Baseline data, please update: `npm i baseline-browser-mapping@latest -D`
[2026-03-24T16:28:05.128Z] [Auth] Missing session cookie
[2026-03-24T16:28:09.213Z] [Auth] Missing session cookie
[2026-03-24T16:33:01.507Z] [Koomi Scheduler] Running auto-sync for 2026-03-23 to 2026-03-24
[2026-03-24T16:33:01.508Z] [Koomi Scheduler] Starting sync for 2026-03-23 to 2026-03-24
[2026-03-24T16:33:01.509Z] [Koomi] Fetching Net Onsite Sales: 2026-03-23 to 2026-03-24
[2026-03-24T16:33:02.148Z] [Koomi Scheduler] Sync failed: Failed to get PHP session from Koomi login page
[2026-03-24T16:38:01.502Z] [Koomi Scheduler] Running auto-sync for 2026-03-23 to 2026-03-24
[2026-03-24T16:38:01.503Z] [Koomi Scheduler] Starting sync for 2026-03-23 to 2026-03-24
[2026-03-24T16:38:01.503Z] [Koomi] Fetching Net Onsite Sales: 2026-03-23 to 2026-03-24
[2026-03-24T16:38:02.121Z] [Koomi] Login successful
[2026-03-24T16:38:02.469Z] [Koomi Scheduler] Sales: 6 records (0 new, 6 updated)
[2026-03-24T16:38:02.469Z] [Koomi] Fetching Breakdown Onsite: 2026-03-23 to 2026-03-24
[2026-03-24T16:38:11.168Z] [Koomi Scheduler] Breakdown: 378 items across 3 stores
[2026-03-24T16:43:01.502Z] [Koomi Scheduler] Running auto-sync for 2026-03-23 to 2026-03-24
[2026-03-24T16:43:01.503Z] [Koomi Scheduler] Starting sync for 2026-03-23 to 2026-03-24
[2026-03-24T16:43:01.503Z] [Koomi] Fetching Net Onsite Sales: 2026-03-23 to 2026-03-24
[2026-03-24T16:43:03.409Z] [Koomi Scheduler] Sales: 0 records (0 new, 0 updated)
[2026-03-24T16:43:03.410Z] [Koomi] Fetching Breakdown Onsite: 2026-03-23 to 2026-03-24
[2026-03-24T16:43:03.964Z] [Koomi Scheduler] Breakdown: 0 items across 0 stores
[2026-03-24T16:48:01.502Z] [Koomi Scheduler] Running auto-sync for 2026-03-23 to 2026-03-24
[2026-03-24T16:48:01.503Z] [Koomi Scheduler] Starting sync for 2026-03-23 to 2026-03-24
[2026-03-24T16:48:01.503Z] [Koomi] Fetching Net Onsite Sales: 2026-03-23 to 2026-03-24
[2026-03-24T16:48:03.571Z] [Koomi Scheduler] Sales: 0 records (0 new, 0 updated)
[2026-03-24T16:48:03.572Z] [Koomi] Fetching Breakdown Onsite: 2026-03-23 to 2026-03-24
[2026-03-24T16:48:04.172Z] [Koomi Scheduler] Breakdown: 0 items across 0 stores
